[2023-06-08 17:49:34,981] {taskinstance.py:1037} INFO - Dependencies all met for <TaskInstance: dag_combustivel.get_op manual__2023-06-08T17:48:48.157116+00:00 [queued]>
[2023-06-08 17:49:34,993] {taskinstance.py:1037} INFO - Dependencies all met for <TaskInstance: dag_combustivel.get_op manual__2023-06-08T17:48:48.157116+00:00 [queued]>
[2023-06-08 17:49:34,994] {taskinstance.py:1243} INFO - 
--------------------------------------------------------------------------------
[2023-06-08 17:49:34,995] {taskinstance.py:1244} INFO - Starting attempt 1 of 1
[2023-06-08 17:49:34,995] {taskinstance.py:1245} INFO - 
--------------------------------------------------------------------------------
[2023-06-08 17:49:35,035] {taskinstance.py:1264} INFO - Executing <Task(SimpleHttpOperator): get_op> on 2023-06-08 17:48:48.157116+00:00
[2023-06-08 17:49:35,040] {standard_task_runner.py:52} INFO - Started process 1988 to run task
[2023-06-08 17:49:35,043] {standard_task_runner.py:76} INFO - Running: ['***', 'tasks', 'run', 'dag_combustivel', 'get_op', 'manual__2023-06-08T17:48:48.157116+00:00', '--job-id', '26', '--raw', '--subdir', 'DAGS_FOLDER/dag_combustivel.py', '--cfg-path', '/tmp/tmpp3_gh0xq', '--error-file', '/tmp/tmps4o5522b']
[2023-06-08 17:49:35,044] {standard_task_runner.py:77} INFO - Job 26: Subtask get_op
[2023-06-08 17:49:35,093] {logging_mixin.py:109} INFO - Running <TaskInstance: dag_combustivel.get_op manual__2023-06-08T17:48:48.157116+00:00 [running]> on host b35b0064e2f2
[2023-06-08 17:49:35,151] {taskinstance.py:1431} INFO - Exporting the following env vars:
AIRFLOW_CTX_DAG_OWNER=***
AIRFLOW_CTX_DAG_ID=dag_combustivel
AIRFLOW_CTX_TASK_ID=get_op
AIRFLOW_CTX_EXECUTION_DATE=2023-06-08T17:48:48.157116+00:00
AIRFLOW_CTX_DAG_RUN_ID=manual__2023-06-08T17:48:48.157116+00:00
[2023-06-08 17:49:35,152] {http.py:104} INFO - Calling HTTP method
[2023-06-08 17:49:35,163] {base.py:79} INFO - Using connection to: id: stack-data-pipeline. Host: https://gcp-datapipeline-zg5jnixfka-uc.a.run.app, Port: None, Schema: , Login: , Password: None, extra: {}
[2023-06-08 17:49:35,165] {http.py:129} INFO - Sending 'POST' to url: https://gcp-datapipeline-zg5jnixfka-uc.a.run.app/download_combustivel
[2023-06-08 17:49:36,137] {taskinstance.py:1282} INFO - Marking task as SUCCESS. dag_id=dag_combustivel, task_id=get_op, execution_date=20230608T174848, start_date=20230608T174934, end_date=20230608T174936
[2023-06-08 17:49:36,179] {local_task_job.py:154} INFO - Task exited with return code 0
[2023-06-08 17:49:36,238] {local_task_job.py:264} INFO - 1 downstream tasks scheduled from follow-on schedule check
