[2023-06-08 18:00:33,856] {taskinstance.py:1037} INFO - Dependencies all met for <TaskInstance: dag_combustivel.get_op scheduled__2017-07-01T00:00:00+00:00 [queued]>
[2023-06-08 18:00:33,866] {taskinstance.py:1037} INFO - Dependencies all met for <TaskInstance: dag_combustivel.get_op scheduled__2017-07-01T00:00:00+00:00 [queued]>
[2023-06-08 18:00:33,866] {taskinstance.py:1243} INFO - 
--------------------------------------------------------------------------------
[2023-06-08 18:00:33,867] {taskinstance.py:1244} INFO - Starting attempt 1 of 1
[2023-06-08 18:00:33,868] {taskinstance.py:1245} INFO - 
--------------------------------------------------------------------------------
[2023-06-08 18:00:33,908] {taskinstance.py:1264} INFO - Executing <Task(SimpleHttpOperator): get_op> on 2017-07-01 00:00:00+00:00
[2023-06-08 18:00:33,913] {standard_task_runner.py:52} INFO - Started process 2602 to run task
[2023-06-08 18:00:33,916] {standard_task_runner.py:76} INFO - Running: ['***', 'tasks', 'run', 'dag_combustivel', 'get_op', 'scheduled__2017-07-01T00:00:00+00:00', '--job-id', '49', '--raw', '--subdir', 'DAGS_FOLDER/dag_combustivel.py', '--cfg-path', '/tmp/tmpktjz28i_', '--error-file', '/tmp/tmps942zpbp']
[2023-06-08 18:00:33,917] {standard_task_runner.py:77} INFO - Job 49: Subtask get_op
[2023-06-08 18:00:33,961] {logging_mixin.py:109} INFO - Running <TaskInstance: dag_combustivel.get_op scheduled__2017-07-01T00:00:00+00:00 [running]> on host b35b0064e2f2
[2023-06-08 18:00:34,007] {taskinstance.py:1431} INFO - Exporting the following env vars:
AIRFLOW_CTX_DAG_OWNER=***
AIRFLOW_CTX_DAG_ID=dag_combustivel
AIRFLOW_CTX_TASK_ID=get_op
AIRFLOW_CTX_EXECUTION_DATE=2017-07-01T00:00:00+00:00
AIRFLOW_CTX_DAG_RUN_ID=scheduled__2017-07-01T00:00:00+00:00
[2023-06-08 18:00:34,008] {http.py:104} INFO - Calling HTTP method
[2023-06-08 18:00:34,015] {base.py:79} INFO - Using connection to: id: stack-data-pipeline. Host: https://gcp-datapipeline-zg5jnixfka-uc.a.run.app, Port: None, Schema: , Login: , Password: None, extra: {}
[2023-06-08 18:00:34,017] {http.py:129} INFO - Sending 'POST' to url: https://gcp-datapipeline-zg5jnixfka-uc.a.run.app/download_combustivel
[2023-06-08 18:01:58,381] {taskinstance.py:1282} INFO - Marking task as SUCCESS. dag_id=dag_combustivel, task_id=get_op, execution_date=20170701T000000, start_date=20230608T180033, end_date=20230608T180158
[2023-06-08 18:01:58,433] {local_task_job.py:154} INFO - Task exited with return code 0
[2023-06-08 18:01:58,512] {local_task_job.py:264} INFO - 1 downstream tasks scheduled from follow-on schedule check
