[2023-06-08 17:14:32,848] {taskinstance.py:1037} INFO - Dependencies all met for <TaskInstance: example_gcs.list_buckets manual__2023-06-08T17:14:31.416516+00:00 [queued]>
[2023-06-08 17:14:32,859] {taskinstance.py:1037} INFO - Dependencies all met for <TaskInstance: example_gcs.list_buckets manual__2023-06-08T17:14:31.416516+00:00 [queued]>
[2023-06-08 17:14:32,860] {taskinstance.py:1243} INFO - 
--------------------------------------------------------------------------------
[2023-06-08 17:14:32,861] {taskinstance.py:1244} INFO - Starting attempt 1 of 1
[2023-06-08 17:14:32,862] {taskinstance.py:1245} INFO - 
--------------------------------------------------------------------------------
[2023-06-08 17:14:32,896] {taskinstance.py:1264} INFO - Executing <Task(GCSListObjectsOperator): list_buckets> on 2023-06-08 17:14:31.416516+00:00
[2023-06-08 17:14:32,901] {standard_task_runner.py:52} INFO - Started process 471 to run task
[2023-06-08 17:14:32,904] {standard_task_runner.py:76} INFO - Running: ['***', 'tasks', 'run', 'example_gcs', 'list_buckets', 'manual__2023-06-08T17:14:31.416516+00:00', '--job-id', '3', '--raw', '--subdir', 'DAGS_FOLDER/dag_teste.py', '--cfg-path', '/tmp/tmpaq49of5m', '--error-file', '/tmp/tmp3lv95naa']
[2023-06-08 17:14:32,906] {standard_task_runner.py:77} INFO - Job 3: Subtask list_buckets
[2023-06-08 17:14:32,966] {logging_mixin.py:109} INFO - Running <TaskInstance: example_gcs.list_buckets manual__2023-06-08T17:14:31.416516+00:00 [running]> on host b35b0064e2f2
[2023-06-08 17:14:33,022] {taskinstance.py:1431} INFO - Exporting the following env vars:
AIRFLOW_CTX_DAG_OWNER=***
AIRFLOW_CTX_DAG_ID=example_gcs
AIRFLOW_CTX_TASK_ID=list_buckets
AIRFLOW_CTX_EXECUTION_DATE=2023-06-08T17:14:31.416516+00:00
AIRFLOW_CTX_DAG_RUN_ID=manual__2023-06-08T17:14:31.416516+00:00
[2023-06-08 17:14:33,032] {gcs.py:259} INFO - Getting list of the files. Bucket: gcp-datapipeline-389020-curated; Delimiter: None; Prefix: None
[2023-06-08 17:14:33,370] {taskinstance.py:1282} INFO - Marking task as SUCCESS. dag_id=example_gcs, task_id=list_buckets, execution_date=20230608T171431, start_date=20230608T171432, end_date=20230608T171433
[2023-06-08 17:14:33,399] {local_task_job.py:154} INFO - Task exited with return code 0
[2023-06-08 17:14:33,423] {local_task_job.py:264} INFO - 0 downstream tasks scheduled from follow-on schedule check
