[2023-06-08 19:12:33,410] {taskinstance.py:1037} INFO - Dependencies all met for <TaskInstance: dag_combustivel.delete_cluster manual__2023-06-08T19:09:06.606986+00:00 [queued]>
[2023-06-08 19:12:33,419] {taskinstance.py:1037} INFO - Dependencies all met for <TaskInstance: dag_combustivel.delete_cluster manual__2023-06-08T19:09:06.606986+00:00 [queued]>
[2023-06-08 19:12:33,419] {taskinstance.py:1243} INFO - 
--------------------------------------------------------------------------------
[2023-06-08 19:12:33,420] {taskinstance.py:1244} INFO - Starting attempt 1 of 1
[2023-06-08 19:12:33,420] {taskinstance.py:1245} INFO - 
--------------------------------------------------------------------------------
[2023-06-08 19:12:33,434] {taskinstance.py:1264} INFO - Executing <Task(DataprocDeleteClusterOperator): delete_cluster> on 2023-06-08 19:09:06.606986+00:00
[2023-06-08 19:12:33,439] {standard_task_runner.py:52} INFO - Started process 5835 to run task
[2023-06-08 19:12:33,442] {standard_task_runner.py:76} INFO - Running: ['***', 'tasks', 'run', 'dag_combustivel', 'delete_cluster', 'manual__2023-06-08T19:09:06.606986+00:00', '--job-id', '77', '--raw', '--subdir', 'DAGS_FOLDER/dag_combustivel.py', '--cfg-path', '/tmp/tmpte8si5u9', '--error-file', '/tmp/tmp7fovoaxh']
[2023-06-08 19:12:33,443] {standard_task_runner.py:77} INFO - Job 77: Subtask delete_cluster
[2023-06-08 19:12:33,492] {logging_mixin.py:109} INFO - Running <TaskInstance: dag_combustivel.delete_cluster manual__2023-06-08T19:09:06.606986+00:00 [running]> on host b35b0064e2f2
[2023-06-08 19:12:33,545] {taskinstance.py:1431} INFO - Exporting the following env vars:
AIRFLOW_CTX_DAG_OWNER=***
AIRFLOW_CTX_DAG_ID=dag_combustivel
AIRFLOW_CTX_TASK_ID=delete_cluster
AIRFLOW_CTX_EXECUTION_DATE=2023-06-08T19:09:06.606986+00:00
AIRFLOW_CTX_DAG_RUN_ID=manual__2023-06-08T19:09:06.606986+00:00
[2023-06-08 19:12:33,555] {dataproc.py:863} INFO - Deleting cluster: gcp-pipeline-cluster-new
[2023-06-08 19:13:57,335] {dataproc.py:875} INFO - Cluster deleted.
[2023-06-08 19:13:57,345] {taskinstance.py:1282} INFO - Marking task as SUCCESS. dag_id=dag_combustivel, task_id=delete_cluster, execution_date=20230608T190906, start_date=20230608T191233, end_date=20230608T191357
[2023-06-08 19:13:57,422] {local_task_job.py:154} INFO - Task exited with return code 0
[2023-06-08 19:13:57,455] {local_task_job.py:264} INFO - 1 downstream tasks scheduled from follow-on schedule check
