[2023-06-08 18:00:18,536] {taskinstance.py:1037} INFO - Dependencies all met for <TaskInstance: dag_combustivel.get_op manual__2023-06-08T17:59:57.594516+00:00 [queued]>
[2023-06-08 18:00:18,543] {taskinstance.py:1037} INFO - Dependencies all met for <TaskInstance: dag_combustivel.get_op manual__2023-06-08T17:59:57.594516+00:00 [queued]>
[2023-06-08 18:00:18,544] {taskinstance.py:1243} INFO - 
--------------------------------------------------------------------------------
[2023-06-08 18:00:18,544] {taskinstance.py:1244} INFO - Starting attempt 1 of 1
[2023-06-08 18:00:18,545] {taskinstance.py:1245} INFO - 
--------------------------------------------------------------------------------
[2023-06-08 18:00:18,585] {taskinstance.py:1264} INFO - Executing <Task(SimpleHttpOperator): get_op> on 2023-06-08 17:59:57.594516+00:00
[2023-06-08 18:00:18,590] {standard_task_runner.py:52} INFO - Started process 2580 to run task
[2023-06-08 18:00:18,593] {standard_task_runner.py:76} INFO - Running: ['***', 'tasks', 'run', 'dag_combustivel', 'get_op', 'manual__2023-06-08T17:59:57.594516+00:00', '--job-id', '47', '--raw', '--subdir', 'DAGS_FOLDER/dag_combustivel.py', '--cfg-path', '/tmp/tmp9qgz66j8', '--error-file', '/tmp/tmps2zhb7y6']
[2023-06-08 18:00:18,594] {standard_task_runner.py:77} INFO - Job 47: Subtask get_op
[2023-06-08 18:00:18,636] {logging_mixin.py:109} INFO - Running <TaskInstance: dag_combustivel.get_op manual__2023-06-08T17:59:57.594516+00:00 [running]> on host b35b0064e2f2
[2023-06-08 18:00:18,682] {taskinstance.py:1431} INFO - Exporting the following env vars:
AIRFLOW_CTX_DAG_OWNER=***
AIRFLOW_CTX_DAG_ID=dag_combustivel
AIRFLOW_CTX_TASK_ID=get_op
AIRFLOW_CTX_EXECUTION_DATE=2023-06-08T17:59:57.594516+00:00
AIRFLOW_CTX_DAG_RUN_ID=manual__2023-06-08T17:59:57.594516+00:00
[2023-06-08 18:00:18,683] {http.py:104} INFO - Calling HTTP method
[2023-06-08 18:00:18,691] {base.py:79} INFO - Using connection to: id: stack-data-pipeline. Host: https://gcp-datapipeline-zg5jnixfka-uc.a.run.app, Port: None, Schema: , Login: , Password: None, extra: {}
[2023-06-08 18:00:18,693] {http.py:129} INFO - Sending 'POST' to url: https://gcp-datapipeline-zg5jnixfka-uc.a.run.app/download_combustivel
[2023-06-08 18:00:19,698] {taskinstance.py:1282} INFO - Marking task as SUCCESS. dag_id=dag_combustivel, task_id=get_op, execution_date=20230608T175957, start_date=20230608T180018, end_date=20230608T180019
[2023-06-08 18:00:19,733] {local_task_job.py:154} INFO - Task exited with return code 0
[2023-06-08 18:00:19,797] {local_task_job.py:264} INFO - 1 downstream tasks scheduled from follow-on schedule check
