[2023-06-08 19:09:11,147] {taskinstance.py:1037} INFO - Dependencies all met for <TaskInstance: dag_combustivel.create_cluster manual__2023-06-08T19:09:06.606986+00:00 [queued]>
[2023-06-08 19:09:11,161] {taskinstance.py:1037} INFO - Dependencies all met for <TaskInstance: dag_combustivel.create_cluster manual__2023-06-08T19:09:06.606986+00:00 [queued]>
[2023-06-08 19:09:11,162] {taskinstance.py:1243} INFO - 
--------------------------------------------------------------------------------
[2023-06-08 19:09:11,162] {taskinstance.py:1244} INFO - Starting attempt 1 of 1
[2023-06-08 19:09:11,163] {taskinstance.py:1245} INFO - 
--------------------------------------------------------------------------------
[2023-06-08 19:09:11,204] {taskinstance.py:1264} INFO - Executing <Task(DataprocCreateClusterOperator): create_cluster> on 2023-06-08 19:09:06.606986+00:00
[2023-06-08 19:09:11,209] {standard_task_runner.py:52} INFO - Started process 5654 to run task
[2023-06-08 19:09:11,214] {standard_task_runner.py:76} INFO - Running: ['***', 'tasks', 'run', 'dag_combustivel', 'create_cluster', 'manual__2023-06-08T19:09:06.606986+00:00', '--job-id', '75', '--raw', '--subdir', 'DAGS_FOLDER/dag_combustivel.py', '--cfg-path', '/tmp/tmppwubxw8n', '--error-file', '/tmp/tmpme8uk4ib']
[2023-06-08 19:09:11,216] {standard_task_runner.py:77} INFO - Job 75: Subtask create_cluster
[2023-06-08 19:09:11,289] {logging_mixin.py:109} INFO - Running <TaskInstance: dag_combustivel.create_cluster manual__2023-06-08T19:09:06.606986+00:00 [running]> on host b35b0064e2f2
[2023-06-08 19:09:11,350] {taskinstance.py:1431} INFO - Exporting the following env vars:
AIRFLOW_CTX_DAG_OWNER=***
AIRFLOW_CTX_DAG_ID=dag_combustivel
AIRFLOW_CTX_TASK_ID=create_cluster
AIRFLOW_CTX_EXECUTION_DATE=2023-06-08T19:09:06.606986+00:00
AIRFLOW_CTX_DAG_RUN_ID=manual__2023-06-08T19:09:06.606986+00:00
[2023-06-08 19:09:11,352] {dataproc.py:625} INFO - Creating cluster: gcp-pipeline-cluster-new
[2023-06-08 19:11:47,931] {dataproc.py:569} INFO - Cluster created.
[2023-06-08 19:11:47,962] {taskinstance.py:1282} INFO - Marking task as SUCCESS. dag_id=dag_combustivel, task_id=create_cluster, execution_date=20230608T190906, start_date=20230608T190911, end_date=20230608T191147
[2023-06-08 19:11:48,011] {local_task_job.py:154} INFO - Task exited with return code 0
[2023-06-08 19:11:48,052] {local_task_job.py:264} INFO - 1 downstream tasks scheduled from follow-on schedule check
