[2023-06-08 17:57:30,027] {taskinstance.py:1037} INFO - Dependencies all met for <TaskInstance: dag_combustivel.get_op scheduled__2015-01-01T00:00:00+00:00 [queued]>
[2023-06-08 17:57:30,036] {taskinstance.py:1037} INFO - Dependencies all met for <TaskInstance: dag_combustivel.get_op scheduled__2015-01-01T00:00:00+00:00 [queued]>
[2023-06-08 17:57:30,037] {taskinstance.py:1243} INFO - 
--------------------------------------------------------------------------------
[2023-06-08 17:57:30,037] {taskinstance.py:1244} INFO - Starting attempt 1 of 1
[2023-06-08 17:57:30,038] {taskinstance.py:1245} INFO - 
--------------------------------------------------------------------------------
[2023-06-08 17:57:30,051] {taskinstance.py:1264} INFO - Executing <Task(SimpleHttpOperator): get_op> on 2015-01-01 00:00:00+00:00
[2023-06-08 17:57:30,056] {standard_task_runner.py:52} INFO - Started process 2397 to run task
[2023-06-08 17:57:30,059] {standard_task_runner.py:76} INFO - Running: ['***', 'tasks', 'run', 'dag_combustivel', 'get_op', 'scheduled__2015-01-01T00:00:00+00:00', '--job-id', '37', '--raw', '--subdir', 'DAGS_FOLDER/dag_combustivel.py', '--cfg-path', '/tmp/tmp_r36ztmr', '--error-file', '/tmp/tmpl0dum32j']
[2023-06-08 17:57:30,061] {standard_task_runner.py:77} INFO - Job 37: Subtask get_op
[2023-06-08 17:57:30,110] {logging_mixin.py:109} INFO - Running <TaskInstance: dag_combustivel.get_op scheduled__2015-01-01T00:00:00+00:00 [running]> on host b35b0064e2f2
[2023-06-08 17:57:30,160] {taskinstance.py:1431} INFO - Exporting the following env vars:
AIRFLOW_CTX_DAG_OWNER=***
AIRFLOW_CTX_DAG_ID=dag_combustivel
AIRFLOW_CTX_TASK_ID=get_op
AIRFLOW_CTX_EXECUTION_DATE=2015-01-01T00:00:00+00:00
AIRFLOW_CTX_DAG_RUN_ID=scheduled__2015-01-01T00:00:00+00:00
[2023-06-08 17:57:30,161] {http.py:104} INFO - Calling HTTP method
[2023-06-08 17:57:30,169] {base.py:79} INFO - Using connection to: id: stack-data-pipeline. Host: https://gcp-datapipeline-zg5jnixfka-uc.a.run.app, Port: None, Schema: , Login: , Password: None, extra: {}
[2023-06-08 17:57:30,171] {http.py:129} INFO - Sending 'POST' to url: https://gcp-datapipeline-zg5jnixfka-uc.a.run.app/download_combustivel
[2023-06-08 17:57:39,089] {taskinstance.py:1282} INFO - Marking task as SUCCESS. dag_id=dag_combustivel, task_id=get_op, execution_date=20150101T000000, start_date=20230608T175730, end_date=20230608T175739
[2023-06-08 17:57:39,130] {local_task_job.py:154} INFO - Task exited with return code 0
[2023-06-08 17:57:39,184] {local_task_job.py:264} INFO - 1 downstream tasks scheduled from follow-on schedule check
