[2023-06-08 19:29:25,865] {taskinstance.py:1037} INFO - Dependencies all met for <TaskInstance: dag_combustivel.get_op manual__2023-06-08T19:29:24.012078+00:00 [queued]>
[2023-06-08 19:29:25,874] {taskinstance.py:1037} INFO - Dependencies all met for <TaskInstance: dag_combustivel.get_op manual__2023-06-08T19:29:24.012078+00:00 [queued]>
[2023-06-08 19:29:25,875] {taskinstance.py:1243} INFO - 
--------------------------------------------------------------------------------
[2023-06-08 19:29:25,875] {taskinstance.py:1244} INFO - Starting attempt 1 of 1
[2023-06-08 19:29:25,876] {taskinstance.py:1245} INFO - 
--------------------------------------------------------------------------------
[2023-06-08 19:29:25,887] {taskinstance.py:1264} INFO - Executing <Task(SimpleHttpOperator): get_op> on 2023-06-08 19:29:24.012078+00:00
[2023-06-08 19:29:25,892] {standard_task_runner.py:52} INFO - Started process 6606 to run task
[2023-06-08 19:29:25,895] {standard_task_runner.py:76} INFO - Running: ['***', 'tasks', 'run', 'dag_combustivel', 'get_op', 'manual__2023-06-08T19:29:24.012078+00:00', '--job-id', '82', '--raw', '--subdir', 'DAGS_FOLDER/dag_combustivel.py', '--cfg-path', '/tmp/tmpnqdom75g', '--error-file', '/tmp/tmpn86d25w4']
[2023-06-08 19:29:25,897] {standard_task_runner.py:77} INFO - Job 82: Subtask get_op
[2023-06-08 19:29:25,953] {logging_mixin.py:109} INFO - Running <TaskInstance: dag_combustivel.get_op manual__2023-06-08T19:29:24.012078+00:00 [running]> on host b35b0064e2f2
[2023-06-08 19:29:26,039] {taskinstance.py:1431} INFO - Exporting the following env vars:
AIRFLOW_CTX_DAG_OWNER=***
AIRFLOW_CTX_DAG_ID=dag_combustivel
AIRFLOW_CTX_TASK_ID=get_op
AIRFLOW_CTX_EXECUTION_DATE=2023-06-08T19:29:24.012078+00:00
AIRFLOW_CTX_DAG_RUN_ID=manual__2023-06-08T19:29:24.012078+00:00
[2023-06-08 19:29:26,040] {http.py:104} INFO - Calling HTTP method
[2023-06-08 19:29:26,050] {base.py:79} INFO - Using connection to: id: stack-data-pipeline. Host: https://gcp-datapipeline-zg5jnixfka-uc.a.run.app/, Port: None, Schema: , Login: , Password: None, extra: {}
[2023-06-08 19:29:26,054] {http.py:129} INFO - Sending 'POST' to url: https://gcp-datapipeline-zg5jnixfka-uc.a.run.app/download_combustivel
[2023-06-08 19:29:27,076] {taskinstance.py:1282} INFO - Marking task as SUCCESS. dag_id=dag_combustivel, task_id=get_op, execution_date=20230608T192924, start_date=20230608T192925, end_date=20230608T192927
[2023-06-08 19:29:27,114] {local_task_job.py:154} INFO - Task exited with return code 0
[2023-06-08 19:29:27,167] {local_task_job.py:264} INFO - 1 downstream tasks scheduled from follow-on schedule check
