[2023-06-08 18:11:38,267] {taskinstance.py:1037} INFO - Dependencies all met for <TaskInstance: dag_combustivel.delete_cluster scheduled__2020-01-01T00:00:00+00:00 [queued]>
[2023-06-08 18:11:38,276] {taskinstance.py:1037} INFO - Dependencies all met for <TaskInstance: dag_combustivel.delete_cluster scheduled__2020-01-01T00:00:00+00:00 [queued]>
[2023-06-08 18:11:38,277] {taskinstance.py:1243} INFO - 
--------------------------------------------------------------------------------
[2023-06-08 18:11:38,277] {taskinstance.py:1244} INFO - Starting attempt 1 of 1
[2023-06-08 18:11:38,278] {taskinstance.py:1245} INFO - 
--------------------------------------------------------------------------------
[2023-06-08 18:11:38,291] {taskinstance.py:1264} INFO - Executing <Task(DataprocDeleteClusterOperator): delete_cluster> on 2020-01-01 00:00:00+00:00
[2023-06-08 18:11:38,296] {standard_task_runner.py:52} INFO - Started process 3155 to run task
[2023-06-08 18:11:38,299] {standard_task_runner.py:76} INFO - Running: ['***', 'tasks', 'run', 'dag_combustivel', 'delete_cluster', 'scheduled__2020-01-01T00:00:00+00:00', '--job-id', '59', '--raw', '--subdir', 'DAGS_FOLDER/dag_combustivel.py', '--cfg-path', '/tmp/tmp3nv480ew', '--error-file', '/tmp/tmpa9q290nj']
[2023-06-08 18:11:38,300] {standard_task_runner.py:77} INFO - Job 59: Subtask delete_cluster
[2023-06-08 18:11:38,351] {logging_mixin.py:109} INFO - Running <TaskInstance: dag_combustivel.delete_cluster scheduled__2020-01-01T00:00:00+00:00 [running]> on host b35b0064e2f2
[2023-06-08 18:11:38,400] {taskinstance.py:1431} INFO - Exporting the following env vars:
AIRFLOW_CTX_DAG_OWNER=***
AIRFLOW_CTX_DAG_ID=dag_combustivel
AIRFLOW_CTX_TASK_ID=delete_cluster
AIRFLOW_CTX_EXECUTION_DATE=2020-01-01T00:00:00+00:00
AIRFLOW_CTX_DAG_RUN_ID=scheduled__2020-01-01T00:00:00+00:00
[2023-06-08 18:11:38,410] {dataproc.py:863} INFO - Deleting cluster: gcp-pipeline-cluster
[2023-06-08 18:12:57,900] {dataproc.py:875} INFO - Cluster deleted.
[2023-06-08 18:12:57,911] {taskinstance.py:1282} INFO - Marking task as SUCCESS. dag_id=dag_combustivel, task_id=delete_cluster, execution_date=20200101T000000, start_date=20230608T181138, end_date=20230608T181257
[2023-06-08 18:12:57,971] {local_task_job.py:154} INFO - Task exited with return code 0
[2023-06-08 18:12:58,010] {local_task_job.py:264} INFO - 1 downstream tasks scheduled from follow-on schedule check
