[2023-06-08 18:02:36,348] {taskinstance.py:1037} INFO - Dependencies all met for <TaskInstance: dag_combustivel.get_op scheduled__2018-01-01T00:00:00+00:00 [queued]>
[2023-06-08 18:02:36,358] {taskinstance.py:1037} INFO - Dependencies all met for <TaskInstance: dag_combustivel.get_op scheduled__2018-01-01T00:00:00+00:00 [queued]>
[2023-06-08 18:02:36,359] {taskinstance.py:1243} INFO - 
--------------------------------------------------------------------------------
[2023-06-08 18:02:36,360] {taskinstance.py:1244} INFO - Starting attempt 1 of 1
[2023-06-08 18:02:36,360] {taskinstance.py:1245} INFO - 
--------------------------------------------------------------------------------
[2023-06-08 18:02:36,375] {taskinstance.py:1264} INFO - Executing <Task(SimpleHttpOperator): get_op> on 2018-01-01 00:00:00+00:00
[2023-06-08 18:02:36,406] {standard_task_runner.py:52} INFO - Started process 2698 to run task
[2023-06-08 18:02:36,410] {standard_task_runner.py:76} INFO - Running: ['***', 'tasks', 'run', 'dag_combustivel', 'get_op', 'scheduled__2018-01-01T00:00:00+00:00', '--job-id', '51', '--raw', '--subdir', 'DAGS_FOLDER/dag_combustivel.py', '--cfg-path', '/tmp/tmpgoemmcs6', '--error-file', '/tmp/tmp9c0zhqc6']
[2023-06-08 18:02:36,412] {standard_task_runner.py:77} INFO - Job 51: Subtask get_op
[2023-06-08 18:02:36,472] {logging_mixin.py:109} INFO - Running <TaskInstance: dag_combustivel.get_op scheduled__2018-01-01T00:00:00+00:00 [running]> on host b35b0064e2f2
[2023-06-08 18:02:36,551] {taskinstance.py:1431} INFO - Exporting the following env vars:
AIRFLOW_CTX_DAG_OWNER=***
AIRFLOW_CTX_DAG_ID=dag_combustivel
AIRFLOW_CTX_TASK_ID=get_op
AIRFLOW_CTX_EXECUTION_DATE=2018-01-01T00:00:00+00:00
AIRFLOW_CTX_DAG_RUN_ID=scheduled__2018-01-01T00:00:00+00:00
[2023-06-08 18:02:36,553] {http.py:104} INFO - Calling HTTP method
[2023-06-08 18:02:36,565] {base.py:79} INFO - Using connection to: id: stack-data-pipeline. Host: https://gcp-datapipeline-zg5jnixfka-uc.a.run.app, Port: None, Schema: , Login: , Password: None, extra: {}
[2023-06-08 18:02:36,567] {http.py:129} INFO - Sending 'POST' to url: https://gcp-datapipeline-zg5jnixfka-uc.a.run.app/download_combustivel
[2023-06-08 18:04:25,514] {taskinstance.py:1282} INFO - Marking task as SUCCESS. dag_id=dag_combustivel, task_id=get_op, execution_date=20180101T000000, start_date=20230608T180236, end_date=20230608T180425
[2023-06-08 18:04:25,543] {local_task_job.py:154} INFO - Task exited with return code 0
[2023-06-08 18:04:25,603] {local_task_job.py:264} INFO - 1 downstream tasks scheduled from follow-on schedule check
