[2023-06-08 17:46:46,720] {taskinstance.py:1037} INFO - Dependencies all met for <TaskInstance: dag_combustivel.get_op scheduled__2012-07-01T00:00:00+00:00 [queued]>
[2023-06-08 17:46:46,728] {taskinstance.py:1037} INFO - Dependencies all met for <TaskInstance: dag_combustivel.get_op scheduled__2012-07-01T00:00:00+00:00 [queued]>
[2023-06-08 17:46:46,729] {taskinstance.py:1243} INFO - 
--------------------------------------------------------------------------------
[2023-06-08 17:46:46,729] {taskinstance.py:1244} INFO - Starting attempt 1 of 1
[2023-06-08 17:46:46,730] {taskinstance.py:1245} INFO - 
--------------------------------------------------------------------------------
[2023-06-08 17:46:46,758] {taskinstance.py:1264} INFO - Executing <Task(SimpleHttpOperator): get_op> on 2012-07-01 00:00:00+00:00
[2023-06-08 17:46:46,763] {standard_task_runner.py:52} INFO - Started process 1856 to run task
[2023-06-08 17:46:46,767] {standard_task_runner.py:76} INFO - Running: ['***', 'tasks', 'run', 'dag_combustivel', 'get_op', 'scheduled__2012-07-01T00:00:00+00:00', '--job-id', '23', '--raw', '--subdir', 'DAGS_FOLDER/dag_combustivel.py', '--cfg-path', '/tmp/tmpk4ysr2r5', '--error-file', '/tmp/tmp3pdb930f']
[2023-06-08 17:46:46,768] {standard_task_runner.py:77} INFO - Job 23: Subtask get_op
[2023-06-08 17:46:46,815] {logging_mixin.py:109} INFO - Running <TaskInstance: dag_combustivel.get_op scheduled__2012-07-01T00:00:00+00:00 [running]> on host b35b0064e2f2
[2023-06-08 17:46:46,863] {taskinstance.py:1431} INFO - Exporting the following env vars:
AIRFLOW_CTX_DAG_OWNER=***
AIRFLOW_CTX_DAG_ID=dag_combustivel
AIRFLOW_CTX_TASK_ID=get_op
AIRFLOW_CTX_EXECUTION_DATE=2012-07-01T00:00:00+00:00
AIRFLOW_CTX_DAG_RUN_ID=scheduled__2012-07-01T00:00:00+00:00
[2023-06-08 17:46:46,864] {http.py:104} INFO - Calling HTTP method
[2023-06-08 17:46:46,872] {base.py:79} INFO - Using connection to: id: stack-data-pipeline. Host: https://gcp-datapipeline-zg5jnixfka-uc.a.run.app, Port: None, Schema: , Login: , Password: None, extra: {}
[2023-06-08 17:46:46,874] {http.py:129} INFO - Sending 'POST' to url: https://gcp-datapipeline-zg5jnixfka-uc.a.run.app/download_combustivel
[2023-06-08 17:49:24,763] {taskinstance.py:1282} INFO - Marking task as SUCCESS. dag_id=dag_combustivel, task_id=get_op, execution_date=20120701T000000, start_date=20230608T174646, end_date=20230608T174924
[2023-06-08 17:49:24,789] {local_task_job.py:154} INFO - Task exited with return code 0
[2023-06-08 17:49:24,818] {local_task_job.py:264} INFO - 1 downstream tasks scheduled from follow-on schedule check
