[2023-06-08 18:10:31,806] {taskinstance.py:1037} INFO - Dependencies all met for <TaskInstance: dag_combustivel.pyspark_task scheduled__2020-01-01T00:00:00+00:00 [queued]>
[2023-06-08 18:10:31,817] {taskinstance.py:1037} INFO - Dependencies all met for <TaskInstance: dag_combustivel.pyspark_task scheduled__2020-01-01T00:00:00+00:00 [queued]>
[2023-06-08 18:10:31,818] {taskinstance.py:1243} INFO - 
--------------------------------------------------------------------------------
[2023-06-08 18:10:31,818] {taskinstance.py:1244} INFO - Starting attempt 1 of 1
[2023-06-08 18:10:31,819] {taskinstance.py:1245} INFO - 
--------------------------------------------------------------------------------
[2023-06-08 18:10:31,851] {taskinstance.py:1264} INFO - Executing <Task(DataprocSubmitJobOperator): pyspark_task> on 2020-01-01 00:00:00+00:00
[2023-06-08 18:10:31,857] {standard_task_runner.py:52} INFO - Started process 3080 to run task
[2023-06-08 18:10:31,859] {standard_task_runner.py:76} INFO - Running: ['***', 'tasks', 'run', 'dag_combustivel', 'pyspark_task', 'scheduled__2020-01-01T00:00:00+00:00', '--job-id', '58', '--raw', '--subdir', 'DAGS_FOLDER/dag_combustivel.py', '--cfg-path', '/tmp/tmp7wgyo7jq', '--error-file', '/tmp/tmp00f6y_wm']
[2023-06-08 18:10:31,861] {standard_task_runner.py:77} INFO - Job 58: Subtask pyspark_task
[2023-06-08 18:10:31,915] {logging_mixin.py:109} INFO - Running <TaskInstance: dag_combustivel.pyspark_task scheduled__2020-01-01T00:00:00+00:00 [running]> on host b35b0064e2f2
[2023-06-08 18:10:31,997] {taskinstance.py:1431} INFO - Exporting the following env vars:
AIRFLOW_CTX_DAG_OWNER=***
AIRFLOW_CTX_DAG_ID=dag_combustivel
AIRFLOW_CTX_TASK_ID=pyspark_task
AIRFLOW_CTX_EXECUTION_DATE=2020-01-01T00:00:00+00:00
AIRFLOW_CTX_DAG_RUN_ID=scheduled__2020-01-01T00:00:00+00:00
[2023-06-08 18:10:31,998] {dataproc.py:1878} INFO - Submitting job
[2023-06-08 18:10:32,811] {dataproc.py:1890} INFO - Job e46a06bd-82d0-4244-b8aa-178c2abe96c2 submitted successfully.
[2023-06-08 18:10:32,823] {dataproc.py:1903} INFO - Waiting for job e46a06bd-82d0-4244-b8aa-178c2abe96c2 to complete
[2023-06-08 18:11:36,988] {dataproc.py:1907} INFO - Job e46a06bd-82d0-4244-b8aa-178c2abe96c2 completed successfully.
[2023-06-08 18:11:37,058] {taskinstance.py:1282} INFO - Marking task as SUCCESS. dag_id=dag_combustivel, task_id=pyspark_task, execution_date=20200101T000000, start_date=20230608T181031, end_date=20230608T181137
[2023-06-08 18:11:37,107] {local_task_job.py:154} INFO - Task exited with return code 0
[2023-06-08 18:11:37,174] {local_task_job.py:264} INFO - 1 downstream tasks scheduled from follow-on schedule check
