[2023-06-08 19:46:58,179] {taskinstance.py:1037} INFO - Dependencies all met for <TaskInstance: dag_combustivel.pyspark_task manual__2023-06-08T19:43:16.264512+00:00 [queued]>
[2023-06-08 19:46:58,187] {taskinstance.py:1037} INFO - Dependencies all met for <TaskInstance: dag_combustivel.pyspark_task manual__2023-06-08T19:43:16.264512+00:00 [queued]>
[2023-06-08 19:46:58,187] {taskinstance.py:1243} INFO - 
--------------------------------------------------------------------------------
[2023-06-08 19:46:58,188] {taskinstance.py:1244} INFO - Starting attempt 1 of 1
[2023-06-08 19:46:58,188] {taskinstance.py:1245} INFO - 
--------------------------------------------------------------------------------
[2023-06-08 19:46:58,225] {taskinstance.py:1264} INFO - Executing <Task(DataprocSubmitJobOperator): pyspark_task> on 2023-06-08 19:43:16.264512+00:00
[2023-06-08 19:46:58,230] {standard_task_runner.py:52} INFO - Started process 7431 to run task
[2023-06-08 19:46:58,233] {standard_task_runner.py:76} INFO - Running: ['***', 'tasks', 'run', 'dag_combustivel', 'pyspark_task', 'manual__2023-06-08T19:43:16.264512+00:00', '--job-id', '88', '--raw', '--subdir', 'DAGS_FOLDER/dag_combustivel.py', '--cfg-path', '/tmp/tmpaehzxlef', '--error-file', '/tmp/tmptg1q46ur']
[2023-06-08 19:46:58,234] {standard_task_runner.py:77} INFO - Job 88: Subtask pyspark_task
[2023-06-08 19:46:58,283] {logging_mixin.py:109} INFO - Running <TaskInstance: dag_combustivel.pyspark_task manual__2023-06-08T19:43:16.264512+00:00 [running]> on host b35b0064e2f2
[2023-06-08 19:46:58,338] {taskinstance.py:1431} INFO - Exporting the following env vars:
AIRFLOW_CTX_DAG_OWNER=***
AIRFLOW_CTX_DAG_ID=dag_combustivel
AIRFLOW_CTX_TASK_ID=pyspark_task
AIRFLOW_CTX_EXECUTION_DATE=2023-06-08T19:43:16.264512+00:00
AIRFLOW_CTX_DAG_RUN_ID=manual__2023-06-08T19:43:16.264512+00:00
[2023-06-08 19:46:58,339] {dataproc.py:1878} INFO - Submitting job
[2023-06-08 19:46:59,029] {dataproc.py:1890} INFO - Job d997ffa0-767b-4854-a4f3-2732516d6e07 submitted successfully.
[2023-06-08 19:46:59,073] {dataproc.py:1903} INFO - Waiting for job d997ffa0-767b-4854-a4f3-2732516d6e07 to complete
[2023-06-08 19:47:41,876] {dataproc.py:1907} INFO - Job d997ffa0-767b-4854-a4f3-2732516d6e07 completed successfully.
[2023-06-08 19:47:41,945] {taskinstance.py:1282} INFO - Marking task as SUCCESS. dag_id=dag_combustivel, task_id=pyspark_task, execution_date=20230608T194316, start_date=20230608T194658, end_date=20230608T194741
[2023-06-08 19:47:41,987] {local_task_job.py:154} INFO - Task exited with return code 0
[2023-06-08 19:47:42,056] {local_task_job.py:264} INFO - 1 downstream tasks scheduled from follow-on schedule check
