[2023-06-08 19:09:08,643] {taskinstance.py:1037} INFO - Dependencies all met for <TaskInstance: dag_combustivel.get_op manual__2023-06-08T19:09:06.606986+00:00 [queued]>
[2023-06-08 19:09:08,652] {taskinstance.py:1037} INFO - Dependencies all met for <TaskInstance: dag_combustivel.get_op manual__2023-06-08T19:09:06.606986+00:00 [queued]>
[2023-06-08 19:09:08,653] {taskinstance.py:1243} INFO - 
--------------------------------------------------------------------------------
[2023-06-08 19:09:08,653] {taskinstance.py:1244} INFO - Starting attempt 1 of 1
[2023-06-08 19:09:08,654] {taskinstance.py:1245} INFO - 
--------------------------------------------------------------------------------
[2023-06-08 19:09:08,690] {taskinstance.py:1264} INFO - Executing <Task(SimpleHttpOperator): get_op> on 2023-06-08 19:09:06.606986+00:00
[2023-06-08 19:09:08,694] {standard_task_runner.py:52} INFO - Started process 5652 to run task
[2023-06-08 19:09:08,699] {standard_task_runner.py:76} INFO - Running: ['***', 'tasks', 'run', 'dag_combustivel', 'get_op', 'manual__2023-06-08T19:09:06.606986+00:00', '--job-id', '74', '--raw', '--subdir', 'DAGS_FOLDER/dag_combustivel.py', '--cfg-path', '/tmp/tmpjfo3do_5', '--error-file', '/tmp/tmpu29xe_vm']
[2023-06-08 19:09:08,702] {standard_task_runner.py:77} INFO - Job 74: Subtask get_op
[2023-06-08 19:09:08,772] {logging_mixin.py:109} INFO - Running <TaskInstance: dag_combustivel.get_op manual__2023-06-08T19:09:06.606986+00:00 [running]> on host b35b0064e2f2
[2023-06-08 19:09:08,862] {taskinstance.py:1431} INFO - Exporting the following env vars:
AIRFLOW_CTX_DAG_OWNER=***
AIRFLOW_CTX_DAG_ID=dag_combustivel
AIRFLOW_CTX_TASK_ID=get_op
AIRFLOW_CTX_EXECUTION_DATE=2023-06-08T19:09:06.606986+00:00
AIRFLOW_CTX_DAG_RUN_ID=manual__2023-06-08T19:09:06.606986+00:00
[2023-06-08 19:09:08,864] {http.py:104} INFO - Calling HTTP method
[2023-06-08 19:09:08,874] {base.py:79} INFO - Using connection to: id: stack-data-pipeline. Host: https://gcp-datapipeline-zg5jnixfka-uc.a.run.app/, Port: None, Schema: , Login: , Password: None, extra: {}
[2023-06-08 19:09:08,876] {http.py:129} INFO - Sending 'POST' to url: https://gcp-datapipeline-zg5jnixfka-uc.a.run.app/download_combustivel
[2023-06-08 19:09:09,901] {taskinstance.py:1282} INFO - Marking task as SUCCESS. dag_id=dag_combustivel, task_id=get_op, execution_date=20230608T190906, start_date=20230608T190908, end_date=20230608T190909
[2023-06-08 19:09:09,958] {local_task_job.py:154} INFO - Task exited with return code 0
[2023-06-08 19:09:10,026] {local_task_job.py:264} INFO - 1 downstream tasks scheduled from follow-on schedule check
