[2023-06-08 17:49:37,216] {taskinstance.py:1037} INFO - Dependencies all met for <TaskInstance: dag_combustivel.create_cluster manual__2023-06-08T17:48:48.157116+00:00 [queued]>
[2023-06-08 17:49:37,224] {taskinstance.py:1037} INFO - Dependencies all met for <TaskInstance: dag_combustivel.create_cluster manual__2023-06-08T17:48:48.157116+00:00 [queued]>
[2023-06-08 17:49:37,224] {taskinstance.py:1243} INFO - 
--------------------------------------------------------------------------------
[2023-06-08 17:49:37,225] {taskinstance.py:1244} INFO - Starting attempt 1 of 1
[2023-06-08 17:49:37,226] {taskinstance.py:1245} INFO - 
--------------------------------------------------------------------------------
[2023-06-08 17:49:37,262] {taskinstance.py:1264} INFO - Executing <Task(DataprocCreateClusterOperator): create_cluster> on 2023-06-08 17:48:48.157116+00:00
[2023-06-08 17:49:37,267] {standard_task_runner.py:52} INFO - Started process 1999 to run task
[2023-06-08 17:49:37,270] {standard_task_runner.py:76} INFO - Running: ['***', 'tasks', 'run', 'dag_combustivel', 'create_cluster', 'manual__2023-06-08T17:48:48.157116+00:00', '--job-id', '27', '--raw', '--subdir', 'DAGS_FOLDER/dag_combustivel.py', '--cfg-path', '/tmp/tmpaqo2sc_3', '--error-file', '/tmp/tmp8gtrpzgn']
[2023-06-08 17:49:37,271] {standard_task_runner.py:77} INFO - Job 27: Subtask create_cluster
[2023-06-08 17:49:37,314] {logging_mixin.py:109} INFO - Running <TaskInstance: dag_combustivel.create_cluster manual__2023-06-08T17:48:48.157116+00:00 [running]> on host b35b0064e2f2
[2023-06-08 17:49:37,357] {taskinstance.py:1431} INFO - Exporting the following env vars:
AIRFLOW_CTX_DAG_OWNER=***
AIRFLOW_CTX_DAG_ID=dag_combustivel
AIRFLOW_CTX_TASK_ID=create_cluster
AIRFLOW_CTX_EXECUTION_DATE=2023-06-08T17:48:48.157116+00:00
AIRFLOW_CTX_DAG_RUN_ID=manual__2023-06-08T17:48:48.157116+00:00
[2023-06-08 17:49:37,358] {dataproc.py:625} INFO - Creating cluster: gcp-pipeline-cluster
[2023-06-08 17:49:38,977] {dataproc.py:643} INFO - Cluster already exists.
[2023-06-08 17:49:39,778] {taskinstance.py:1282} INFO - Marking task as SUCCESS. dag_id=dag_combustivel, task_id=create_cluster, execution_date=20230608T174848, start_date=20230608T174937, end_date=20230608T174939
[2023-06-08 17:49:39,816] {local_task_job.py:154} INFO - Task exited with return code 0
[2023-06-08 17:49:39,873] {local_task_job.py:264} INFO - 1 downstream tasks scheduled from follow-on schedule check
