[2023-06-08 17:49:26,420] {taskinstance.py:1037} INFO - Dependencies all met for <TaskInstance: dag_combustivel.create_cluster scheduled__2012-07-01T00:00:00+00:00 [queued]>
[2023-06-08 17:49:26,431] {taskinstance.py:1037} INFO - Dependencies all met for <TaskInstance: dag_combustivel.create_cluster scheduled__2012-07-01T00:00:00+00:00 [queued]>
[2023-06-08 17:49:26,432] {taskinstance.py:1243} INFO - 
--------------------------------------------------------------------------------
[2023-06-08 17:49:26,432] {taskinstance.py:1244} INFO - Starting attempt 1 of 1
[2023-06-08 17:49:26,433] {taskinstance.py:1245} INFO - 
--------------------------------------------------------------------------------
[2023-06-08 17:49:26,459] {taskinstance.py:1264} INFO - Executing <Task(DataprocCreateClusterOperator): create_cluster> on 2012-07-01 00:00:00+00:00
[2023-06-08 17:49:26,465] {standard_task_runner.py:52} INFO - Started process 1975 to run task
[2023-06-08 17:49:26,468] {standard_task_runner.py:76} INFO - Running: ['***', 'tasks', 'run', 'dag_combustivel', 'create_cluster', 'scheduled__2012-07-01T00:00:00+00:00', '--job-id', '24', '--raw', '--subdir', 'DAGS_FOLDER/dag_combustivel.py', '--cfg-path', '/tmp/tmpwmy_qi5n', '--error-file', '/tmp/tmpiwy0so74']
[2023-06-08 17:49:26,470] {standard_task_runner.py:77} INFO - Job 24: Subtask create_cluster
[2023-06-08 17:49:26,536] {logging_mixin.py:109} INFO - Running <TaskInstance: dag_combustivel.create_cluster scheduled__2012-07-01T00:00:00+00:00 [running]> on host b35b0064e2f2
[2023-06-08 17:49:26,625] {taskinstance.py:1431} INFO - Exporting the following env vars:
AIRFLOW_CTX_DAG_OWNER=***
AIRFLOW_CTX_DAG_ID=dag_combustivel
AIRFLOW_CTX_TASK_ID=create_cluster
AIRFLOW_CTX_EXECUTION_DATE=2012-07-01T00:00:00+00:00
AIRFLOW_CTX_DAG_RUN_ID=scheduled__2012-07-01T00:00:00+00:00
[2023-06-08 17:49:26,627] {dataproc.py:625} INFO - Creating cluster: gcp-pipeline-cluster
[2023-06-08 17:49:28,380] {dataproc.py:643} INFO - Cluster already exists.
[2023-06-08 17:49:29,159] {taskinstance.py:1282} INFO - Marking task as SUCCESS. dag_id=dag_combustivel, task_id=create_cluster, execution_date=20120701T000000, start_date=20230608T174926, end_date=20230608T174929
[2023-06-08 17:49:29,217] {local_task_job.py:154} INFO - Task exited with return code 0
[2023-06-08 17:49:29,280] {local_task_job.py:264} INFO - 1 downstream tasks scheduled from follow-on schedule check
