[2023-06-08 18:06:34,364] {taskinstance.py:1037} INFO - Dependencies all met for <TaskInstance: dag_combustivel.create_cluster scheduled__2020-01-01T00:00:00+00:00 [queued]>
[2023-06-08 18:06:34,375] {taskinstance.py:1037} INFO - Dependencies all met for <TaskInstance: dag_combustivel.create_cluster scheduled__2020-01-01T00:00:00+00:00 [queued]>
[2023-06-08 18:06:34,376] {taskinstance.py:1243} INFO - 
--------------------------------------------------------------------------------
[2023-06-08 18:06:34,376] {taskinstance.py:1244} INFO - Starting attempt 1 of 1
[2023-06-08 18:06:34,377] {taskinstance.py:1245} INFO - 
--------------------------------------------------------------------------------
[2023-06-08 18:06:34,400] {taskinstance.py:1264} INFO - Executing <Task(DataprocCreateClusterOperator): create_cluster> on 2020-01-01 00:00:00+00:00
[2023-06-08 18:06:34,405] {standard_task_runner.py:52} INFO - Started process 2881 to run task
[2023-06-08 18:06:34,409] {standard_task_runner.py:76} INFO - Running: ['***', 'tasks', 'run', 'dag_combustivel', 'create_cluster', 'scheduled__2020-01-01T00:00:00+00:00', '--job-id', '57', '--raw', '--subdir', 'DAGS_FOLDER/dag_combustivel.py', '--cfg-path', '/tmp/tmp6ub3gd2b', '--error-file', '/tmp/tmpyvji5wrs']
[2023-06-08 18:06:34,410] {standard_task_runner.py:77} INFO - Job 57: Subtask create_cluster
[2023-06-08 18:06:34,460] {logging_mixin.py:109} INFO - Running <TaskInstance: dag_combustivel.create_cluster scheduled__2020-01-01T00:00:00+00:00 [running]> on host b35b0064e2f2
[2023-06-08 18:06:34,512] {taskinstance.py:1431} INFO - Exporting the following env vars:
AIRFLOW_CTX_DAG_OWNER=***
AIRFLOW_CTX_DAG_ID=dag_combustivel
AIRFLOW_CTX_TASK_ID=create_cluster
AIRFLOW_CTX_EXECUTION_DATE=2020-01-01T00:00:00+00:00
AIRFLOW_CTX_DAG_RUN_ID=scheduled__2020-01-01T00:00:00+00:00
[2023-06-08 18:06:34,513] {dataproc.py:625} INFO - Creating cluster: gcp-pipeline-cluster
[2023-06-08 18:06:41,015] {dataproc.py:643} INFO - Cluster already exists.
[2023-06-08 18:10:30,198] {taskinstance.py:1282} INFO - Marking task as SUCCESS. dag_id=dag_combustivel, task_id=create_cluster, execution_date=20200101T000000, start_date=20230608T180634, end_date=20230608T181030
[2023-06-08 18:10:30,237] {local_task_job.py:154} INFO - Task exited with return code 0
[2023-06-08 18:10:30,297] {local_task_job.py:264} INFO - 1 downstream tasks scheduled from follow-on schedule check
