[2023-06-08 19:32:05,847] {taskinstance.py:1037} INFO - Dependencies all met for <TaskInstance: dag_combustivel.pyspark_task manual__2023-06-08T19:29:24.012078+00:00 [queued]>
[2023-06-08 19:32:05,854] {taskinstance.py:1037} INFO - Dependencies all met for <TaskInstance: dag_combustivel.pyspark_task manual__2023-06-08T19:29:24.012078+00:00 [queued]>
[2023-06-08 19:32:05,855] {taskinstance.py:1243} INFO - 
--------------------------------------------------------------------------------
[2023-06-08 19:32:05,856] {taskinstance.py:1244} INFO - Starting attempt 1 of 1
[2023-06-08 19:32:05,856] {taskinstance.py:1245} INFO - 
--------------------------------------------------------------------------------
[2023-06-08 19:32:05,895] {taskinstance.py:1264} INFO - Executing <Task(DataprocSubmitJobOperator): pyspark_task> on 2023-06-08 19:29:24.012078+00:00
[2023-06-08 19:32:05,900] {standard_task_runner.py:52} INFO - Started process 6741 to run task
[2023-06-08 19:32:05,902] {standard_task_runner.py:76} INFO - Running: ['***', 'tasks', 'run', 'dag_combustivel', 'pyspark_task', 'manual__2023-06-08T19:29:24.012078+00:00', '--job-id', '84', '--raw', '--subdir', 'DAGS_FOLDER/dag_combustivel.py', '--cfg-path', '/tmp/tmpycqhuhb9', '--error-file', '/tmp/tmplrmbh0r8']
[2023-06-08 19:32:05,903] {standard_task_runner.py:77} INFO - Job 84: Subtask pyspark_task
[2023-06-08 19:32:05,949] {logging_mixin.py:109} INFO - Running <TaskInstance: dag_combustivel.pyspark_task manual__2023-06-08T19:29:24.012078+00:00 [running]> on host b35b0064e2f2
[2023-06-08 19:32:06,000] {taskinstance.py:1431} INFO - Exporting the following env vars:
AIRFLOW_CTX_DAG_OWNER=***
AIRFLOW_CTX_DAG_ID=dag_combustivel
AIRFLOW_CTX_TASK_ID=pyspark_task
AIRFLOW_CTX_EXECUTION_DATE=2023-06-08T19:29:24.012078+00:00
AIRFLOW_CTX_DAG_RUN_ID=manual__2023-06-08T19:29:24.012078+00:00
[2023-06-08 19:32:06,001] {dataproc.py:1878} INFO - Submitting job
[2023-06-08 19:32:06,684] {dataproc.py:1890} INFO - Job 5e46e3af-4cb3-411f-9e44-fe43d052abd8 submitted successfully.
[2023-06-08 19:32:06,694] {dataproc.py:1903} INFO - Waiting for job 5e46e3af-4cb3-411f-9e44-fe43d052abd8 to complete
[2023-06-08 19:33:00,085] {dataproc.py:1907} INFO - Job 5e46e3af-4cb3-411f-9e44-fe43d052abd8 completed successfully.
[2023-06-08 19:33:00,135] {taskinstance.py:1282} INFO - Marking task as SUCCESS. dag_id=dag_combustivel, task_id=pyspark_task, execution_date=20230608T192924, start_date=20230608T193205, end_date=20230608T193300
[2023-06-08 19:33:00,188] {local_task_job.py:154} INFO - Task exited with return code 0
[2023-06-08 19:33:00,322] {local_task_job.py:264} INFO - 1 downstream tasks scheduled from follow-on schedule check
