[2023-06-08 19:02:19,005] {taskinstance.py:1037} INFO - Dependencies all met for <TaskInstance: dag_combustivel.get_op manual__2023-06-08T19:02:15.336765+00:00 [queued]>
[2023-06-08 19:02:19,013] {taskinstance.py:1037} INFO - Dependencies all met for <TaskInstance: dag_combustivel.get_op manual__2023-06-08T19:02:15.336765+00:00 [queued]>
[2023-06-08 19:02:19,014] {taskinstance.py:1243} INFO - 
--------------------------------------------------------------------------------
[2023-06-08 19:02:19,014] {taskinstance.py:1244} INFO - Starting attempt 1 of 1
[2023-06-08 19:02:19,015] {taskinstance.py:1245} INFO - 
--------------------------------------------------------------------------------
[2023-06-08 19:02:19,036] {taskinstance.py:1264} INFO - Executing <Task(SimpleHttpOperator): get_op> on 2023-06-08 19:02:15.336765+00:00
[2023-06-08 19:02:19,041] {standard_task_runner.py:52} INFO - Started process 5344 to run task
[2023-06-08 19:02:19,043] {standard_task_runner.py:76} INFO - Running: ['***', 'tasks', 'run', 'dag_combustivel', 'get_op', 'manual__2023-06-08T19:02:15.336765+00:00', '--job-id', '70', '--raw', '--subdir', 'DAGS_FOLDER/dag_combustivel.py', '--cfg-path', '/tmp/tmp5odfv_mc', '--error-file', '/tmp/tmpq75ya7gi']
[2023-06-08 19:02:19,044] {standard_task_runner.py:77} INFO - Job 70: Subtask get_op
[2023-06-08 19:02:19,089] {logging_mixin.py:109} INFO - Running <TaskInstance: dag_combustivel.get_op manual__2023-06-08T19:02:15.336765+00:00 [running]> on host b35b0064e2f2
[2023-06-08 19:02:19,139] {taskinstance.py:1431} INFO - Exporting the following env vars:
AIRFLOW_CTX_DAG_OWNER=***
AIRFLOW_CTX_DAG_ID=dag_combustivel
AIRFLOW_CTX_TASK_ID=get_op
AIRFLOW_CTX_EXECUTION_DATE=2023-06-08T19:02:15.336765+00:00
AIRFLOW_CTX_DAG_RUN_ID=manual__2023-06-08T19:02:15.336765+00:00
[2023-06-08 19:02:19,140] {http.py:104} INFO - Calling HTTP method
[2023-06-08 19:02:19,148] {base.py:79} INFO - Using connection to: id: stack-data-pipeline. Host: https://gcp-datapipeline-zg5jnixfka-uc.a.run.app, Port: None, Schema: , Login: , Password: None, extra: {}
[2023-06-08 19:02:19,150] {http.py:129} INFO - Sending 'POST' to url: https://gcp-datapipeline-zg5jnixfka-uc.a.run.app/download_combustivel
[2023-06-08 19:02:23,512] {taskinstance.py:1282} INFO - Marking task as SUCCESS. dag_id=dag_combustivel, task_id=get_op, execution_date=20230608T190215, start_date=20230608T190219, end_date=20230608T190223
[2023-06-08 19:02:23,559] {local_task_job.py:154} INFO - Task exited with return code 0
[2023-06-08 19:02:23,622] {local_task_job.py:264} INFO - 0 downstream tasks scheduled from follow-on schedule check
