[2023-06-08 19:47:43,046] {taskinstance.py:1037} INFO - Dependencies all met for <TaskInstance: dag_combustivel.delete_cluster manual__2023-06-08T19:43:16.264512+00:00 [queued]>
[2023-06-08 19:47:43,053] {taskinstance.py:1037} INFO - Dependencies all met for <TaskInstance: dag_combustivel.delete_cluster manual__2023-06-08T19:43:16.264512+00:00 [queued]>
[2023-06-08 19:47:43,053] {taskinstance.py:1243} INFO - 
--------------------------------------------------------------------------------
[2023-06-08 19:47:43,054] {taskinstance.py:1244} INFO - Starting attempt 1 of 1
[2023-06-08 19:47:43,054] {taskinstance.py:1245} INFO - 
--------------------------------------------------------------------------------
[2023-06-08 19:47:43,106] {taskinstance.py:1264} INFO - Executing <Task(DataprocDeleteClusterOperator): delete_cluster> on 2023-06-08 19:43:16.264512+00:00
[2023-06-08 19:47:43,111] {standard_task_runner.py:52} INFO - Started process 7480 to run task
[2023-06-08 19:47:43,113] {standard_task_runner.py:76} INFO - Running: ['***', 'tasks', 'run', 'dag_combustivel', 'delete_cluster', 'manual__2023-06-08T19:43:16.264512+00:00', '--job-id', '89', '--raw', '--subdir', 'DAGS_FOLDER/dag_combustivel.py', '--cfg-path', '/tmp/tmp32rzqutj', '--error-file', '/tmp/tmp37yekzh3']
[2023-06-08 19:47:43,115] {standard_task_runner.py:77} INFO - Job 89: Subtask delete_cluster
[2023-06-08 19:47:43,230] {logging_mixin.py:109} INFO - Running <TaskInstance: dag_combustivel.delete_cluster manual__2023-06-08T19:43:16.264512+00:00 [running]> on host b35b0064e2f2
[2023-06-08 19:47:43,319] {taskinstance.py:1431} INFO - Exporting the following env vars:
AIRFLOW_CTX_DAG_OWNER=***
AIRFLOW_CTX_DAG_ID=dag_combustivel
AIRFLOW_CTX_TASK_ID=delete_cluster
AIRFLOW_CTX_EXECUTION_DATE=2023-06-08T19:43:16.264512+00:00
AIRFLOW_CTX_DAG_RUN_ID=manual__2023-06-08T19:43:16.264512+00:00
[2023-06-08 19:47:43,327] {dataproc.py:863} INFO - Deleting cluster: gcp-pipeline-cluster-new
[2023-06-08 19:49:25,293] {dataproc.py:875} INFO - Cluster deleted.
[2023-06-08 19:49:25,330] {taskinstance.py:1282} INFO - Marking task as SUCCESS. dag_id=dag_combustivel, task_id=delete_cluster, execution_date=20230608T194316, start_date=20230608T194743, end_date=20230608T194925
[2023-06-08 19:49:25,374] {local_task_job.py:154} INFO - Task exited with return code 0
[2023-06-08 19:49:25,402] {local_task_job.py:264} INFO - 1 downstream tasks scheduled from follow-on schedule check
