[2023-06-08 19:11:49,032] {taskinstance.py:1037} INFO - Dependencies all met for <TaskInstance: dag_combustivel.pyspark_task manual__2023-06-08T19:09:06.606986+00:00 [queued]>
[2023-06-08 19:11:49,047] {taskinstance.py:1037} INFO - Dependencies all met for <TaskInstance: dag_combustivel.pyspark_task manual__2023-06-08T19:09:06.606986+00:00 [queued]>
[2023-06-08 19:11:49,048] {taskinstance.py:1243} INFO - 
--------------------------------------------------------------------------------
[2023-06-08 19:11:49,049] {taskinstance.py:1244} INFO - Starting attempt 1 of 1
[2023-06-08 19:11:49,049] {taskinstance.py:1245} INFO - 
--------------------------------------------------------------------------------
[2023-06-08 19:11:49,067] {taskinstance.py:1264} INFO - Executing <Task(DataprocSubmitJobOperator): pyspark_task> on 2023-06-08 19:09:06.606986+00:00
[2023-06-08 19:11:49,073] {standard_task_runner.py:52} INFO - Started process 5777 to run task
[2023-06-08 19:11:49,076] {standard_task_runner.py:76} INFO - Running: ['***', 'tasks', 'run', 'dag_combustivel', 'pyspark_task', 'manual__2023-06-08T19:09:06.606986+00:00', '--job-id', '76', '--raw', '--subdir', 'DAGS_FOLDER/dag_combustivel.py', '--cfg-path', '/tmp/tmp05fstkjg', '--error-file', '/tmp/tmpymh5fm06']
[2023-06-08 19:11:49,078] {standard_task_runner.py:77} INFO - Job 76: Subtask pyspark_task
[2023-06-08 19:11:49,138] {logging_mixin.py:109} INFO - Running <TaskInstance: dag_combustivel.pyspark_task manual__2023-06-08T19:09:06.606986+00:00 [running]> on host b35b0064e2f2
[2023-06-08 19:11:49,203] {taskinstance.py:1431} INFO - Exporting the following env vars:
AIRFLOW_CTX_DAG_OWNER=***
AIRFLOW_CTX_DAG_ID=dag_combustivel
AIRFLOW_CTX_TASK_ID=pyspark_task
AIRFLOW_CTX_EXECUTION_DATE=2023-06-08T19:09:06.606986+00:00
AIRFLOW_CTX_DAG_RUN_ID=manual__2023-06-08T19:09:06.606986+00:00
[2023-06-08 19:11:49,204] {dataproc.py:1878} INFO - Submitting job
[2023-06-08 19:11:49,926] {dataproc.py:1890} INFO - Job 4a7d11c4-97d4-4e7b-adf9-def0f1062385 submitted successfully.
[2023-06-08 19:11:49,940] {dataproc.py:1903} INFO - Waiting for job 4a7d11c4-97d4-4e7b-adf9-def0f1062385 to complete
[2023-06-08 19:12:32,199] {dataproc.py:1907} INFO - Job 4a7d11c4-97d4-4e7b-adf9-def0f1062385 completed successfully.
[2023-06-08 19:12:32,227] {taskinstance.py:1282} INFO - Marking task as SUCCESS. dag_id=dag_combustivel, task_id=pyspark_task, execution_date=20230608T190906, start_date=20230608T191149, end_date=20230608T191232
[2023-06-08 19:12:32,281] {local_task_job.py:154} INFO - Task exited with return code 0
[2023-06-08 19:12:32,321] {local_task_job.py:264} INFO - 1 downstream tasks scheduled from follow-on schedule check
